<?xml version="1.0" encoding="UTF-8"?>
<!-- Generated by org.testng.reporters.JUnitReportReporter -->
<testsuite hostname="vasu-PC" name="com.vasu.testng.AnnotationsTest1" tests="2" failures="0" timestamp="27 May 2020 00:44:32 GMT" time="0.005" errors="0">
  <testcase name="method3" time="0.002" classname="com.vasu.testng.AnnotationsTest1"/>
  <testcase name="method4" time="0.003" classname="com.vasu.testng.AnnotationsTest1"/>
</testsuite> <!-- com.vasu.testng.AnnotationsTest1 -->
