<?xml version="1.0" encoding="UTF-8"?>
<!-- Generated by org.testng.reporters.JUnitReportReporter -->
<testsuite hostname="vasu-PC" name="com.vasu.testng.ParameterizationTest" tests="1" failures="0" timestamp="28 May 2020 00:55:48 GMT" time="0.054" errors="0">
  <testcase name="adminLogin" time="0.054" classname="com.vasu.testng.ParameterizationTest"/>
</testsuite> <!-- com.vasu.testng.ParameterizationTest -->
