<?xml version="1.0" encoding="UTF-8"?>
<!-- Generated by org.testng.reporters.JUnitReportReporter -->
<testsuite hostname="vasu-PC" name="com.vasu.testng.AnnotationsTest" tests="2" failures="0" timestamp="27 May 2020 00:44:32 GMT" time="0.045" errors="0">
  <testcase name="method1" time="0.039" classname="com.vasu.testng.AnnotationsTest"/>
  <testcase name="method2" time="0.006" classname="com.vasu.testng.AnnotationsTest"/>
</testsuite> <!-- com.vasu.testng.AnnotationsTest -->
