<?xml version="1.0" encoding="UTF-8"?>
<!-- Generated by org.testng.reporters.JUnitReportReporter -->
<testsuite hostname="vasu-PC" name="com.vasu.testng.SampleTestNG" tests="3" failures="0" timestamp="27 May 2020 00:40:27 GMT" time="0.022" errors="0">
  <testcase name="appLogin" time="0.002" classname="com.vasu.testng.SampleTestNG"/>
  <testcase name="appLaunch" time="0.002" classname="com.vasu.testng.SampleTestNG"/>
  <testcase name="appClose" time="0.018" classname="com.vasu.testng.SampleTestNG"/>
</testsuite> <!-- com.vasu.testng.SampleTestNG -->
