<?xml version="1.0" encoding="UTF-8"?>
<!-- Generated by org.testng.reporters.JUnitReportReporter -->
<testsuite hostname="vasu-PC" name="com.vasu.testng.EmpCreationTest" tests="2" failures="0" timestamp="28 May 2020 00:58:59 GMT" time="54.457" errors="0">
  <testcase name="empCreation" time="27.117" classname="com.vasu.testng.EmpCreationTest"/>
  <testcase name="empCreation" time="27.340" classname="com.vasu.testng.EmpCreationTest"/>
</testsuite> <!-- com.vasu.testng.EmpCreationTest -->
